<?xml version="1.0" encoding="UTF-8"?>
<!-- Generated by org.testng.reporters.JUnitReportReporter -->
<testsuite skipped="0" hostname="Admin-PC" name="NullTest" tests="3" failures="0" timestamp="16 Jun 2019 04:02:12 GMT" time="24.631" errors="0">
  <testcase name="setUp" time="6.318" classname="NullTest"/>
  <testcase name="TestFacebook" time="17.162" classname="NullTest"/>
  <testcase name="tearDown" time="1.151" classname="NullTest"/>
</testsuite> <!-- NullTest -->
