<?xml version="1.0" encoding="UTF-8"?>
<!-- Generated by org.testng.reporters.JUnitReportReporter -->
<testsuite skipped="0" hostname="Admin-PC" name="seleniumworks.NullTest" tests="3" failures="0" timestamp="16 Jun 2019 04:04:25 GMT" time="12.737" errors="0">
  <testcase name="setUp" time="3.583" classname="seleniumworks.NullTest"/>
  <testcase name="TestFacebook" time="9.007" classname="seleniumworks.NullTest"/>
  <testcase name="tearDown" time="0.147" classname="seleniumworks.NullTest"/>
</testsuite> <!-- seleniumworks.NullTest -->
