<?xml version="1.0" encoding="UTF-8"?>
<!-- Generated by org.testng.reporters.JUnitReportReporter -->
<testsuite skipped="0" hostname="Admin-PC" name="seleniumworks.Xpathdemo" tests="1" failures="0" timestamp="08 Jul 2019 17:14:02 GMT" time="38.972" errors="0">
  <testcase name="testCase1" time="38.972" classname="seleniumworks.Xpathdemo"/>
</testsuite> <!-- seleniumworks.Xpathdemo -->
