<?xml version="1.0" encoding="UTF-8"?>
<!-- Generated by org.testng.reporters.JUnitReportReporter -->
<testsuite skipped="0" hostname="Admin-PC" name="seleniumworks.Webdriversetup" tests="2" failures="0" timestamp="15 Jun 2019 19:35:58 GMT" time="11.527" errors="0">
  <testcase name="Dropdwon" time="10.447" classname="seleniumworks.Webdriversetup"/>
  <testcase name="exceldata" time="1.080" classname="seleniumworks.Webdriversetup"/>
</testsuite> <!-- seleniumworks.Webdriversetup -->
