<?xml version="1.0" encoding="UTF-8"?>
<!-- Generated by org.testng.reporters.JUnitReportReporter -->
<testsuite skipped="0" hostname="Admin-PC" name="seleniumworks.DropdownSorting" tests="2" failures="0" timestamp="20 Jun 2019 16:45:31 GMT" time="16.750" errors="0">
  <testcase name="testCase1" time="10.577" classname="seleniumworks.DropdownSorting"/>
  <testcase name="testCase2" time="6.173" classname="seleniumworks.DropdownSorting"/>
</testsuite> <!-- seleniumworks.DropdownSorting -->
